[debug] [2023-09-04T09:05:15.258Z] ----------------------------------------------------------------------
[debug] [2023-09-04T09:05:15.260Z] Command:       C:\Program Files\nodejs\node.exe C:\Users\64211\AppData\Roaming\npm\node_modules\firebase-tools\lib\bin\firebase.js init
[debug] [2023-09-04T09:05:15.260Z] CLI Version:   12.5.2
[debug] [2023-09-04T09:05:15.260Z] Platform:      win32
[debug] [2023-09-04T09:05:15.260Z] Node Version:  v18.15.0
[debug] [2023-09-04T09:05:15.261Z] Time:          Mon Sep 04 2023 21:05:15 GMT+1200 (New Zealand Standard Time)
[debug] [2023-09-04T09:05:15.261Z] ----------------------------------------------------------------------
[debug] 
[debug] [2023-09-04T09:05:15.265Z] >>> [apiv2][query] GET https://firebase-public.firebaseio.com/cli.json [none]
[debug] [2023-09-04T09:05:15.297Z] > command requires scopes: ["email","openid","https://www.googleapis.com/auth/cloudplatformprojects.readonly","https://www.googleapis.com/auth/firebase","https://www.googleapis.com/auth/cloud-platform"]
[debug] [2023-09-04T09:05:15.297Z] > authorizing via signed-in user (cerin.abraham@gmail.com)
[info] 
     ######## #### ########  ######## ########     ###     ######  ########
     ##        ##  ##     ## ##       ##     ##  ##   ##  ##       ##
     ######    ##  ########  ######   ########  #########  ######  ######
     ##        ##  ##    ##  ##       ##     ## ##     ##       ## ##
     ##       #### ##     ## ######## ########  ##     ##  ######  ########

You're about to initialize a Firebase project in this directory:

  E:\Coding\Html Projects\Formative -Project\Formative7\Formative

[debug] [2023-09-04T09:05:15.774Z] <<< [apiv2][status] GET https://firebase-public.firebaseio.com/cli.json 200
[debug] [2023-09-04T09:05:15.775Z] <<< [apiv2][body] GET https://firebase-public.firebaseio.com/cli.json {"cloudBuildErrorAfter":1594252800000,"cloudBuildWarnAfter":1590019200000,"defaultNode10After":1594252800000,"minVersion":"3.0.5","node8DeploysDisabledAfter":1613390400000,"node8RuntimeDisabledAfter":1615809600000,"node8WarnAfter":1600128000000}
